<?xml version="1.0" encoding="UTF-8"?>
<!-- Generated by org.testng.reporters.JUnitReportReporter -->
<testsuite hostname="Srikanth-PC" failures="0" tests="1" name="website.SampleProjectTest" time="27.682" errors="0" timestamp="16 Jun 2019 13:36:08 GMT">
  <testcase classname="website.SampleProjectTest" name="f" time="27.682"/>
</testsuite> <!-- website.SampleProjectTest -->
