<?xml version="1.0" encoding="UTF-8"?>
<!-- Generated by org.testng.reporters.JUnitReportReporter -->
<testsuite hostname="Srikanth-PC" failures="0" tests="1" name="website.NewTest" time="10.598" errors="0" timestamp="17 Jun 2019 11:58:27 GMT">
  <testcase classname="website.NewTest" name="testLaunchBrowser" time="10.598"/>
</testsuite> <!-- website.NewTest -->
