<?xml version="1.0" encoding="UTF-8"?>
<!-- Generated by org.testng.reporters.JUnitReportReporter -->
<testsuite hostname="Srikanth-PC" failures="0" tests="1" name="website.CheckAllLinks" time="10.533" errors="0" timestamp="17 Jun 2019 12:01:07 GMT">
  <testcase classname="website.CheckAllLinks" name="testAllLinks" time="10.533"/>
</testsuite> <!-- website.CheckAllLinks -->
