<?xml version="1.0" encoding="UTF-8"?>
<!-- Generated by org.testng.reporters.JUnitReportReporter -->
<testsuite hostname="Srikanth-PC" failures="0" tests="1" name="website.TestAbLink" time="14.242" errors="0" timestamp="18 Jun 2019 12:17:34 GMT">
  <testcase classname="website.TestAbLink" name="verifyDragAndDrop" time="14.242"/>
</testsuite> <!-- website.TestAbLink -->
